-------------------------------------------------------------------------------
Test set: com.example.demo.UserTest
-------------------------------------------------------------------------------
Tests run: 5, Failures: 1, Errors: 0, Skipped: 0, Time elapsed: 0.014 s <<< FAILURE! - in com.example.demo.UserTest
異常系_範囲外年齢が返される不具合  Time elapsed: 0.014 s  <<< FAILURE!
java.lang.AssertionError: 

Expecting actual:
  -1
to be between:
  [1, 199]

	at com.example.demo.UserTest.異常系_範囲外年齢が返される不具合(UserTest.java:43)

