<?xml version="1.0" encoding="UTF-8"?>
<testsuite xmlns:xsi="http://www.w3.org/2001/XMLSchema-instance" xsi:noNamespaceSchemaLocation="https://maven.apache.org/surefire/maven-surefire-plugin/xsd/surefire-test-report.xsd" version="3.0.2" name="com.example.demo.UserManagerTest" time="0.097" tests="9" errors="0" skipped="0" failures="0">
  <properties>
[...]
</properties>
  <testcase name="正常系_UserManagerインスタンス同一" classname="com.example.demo.UserManagerTest" time="0.058"/>
  <testcase name="正常系_user全削除" classname="com.example.demo.UserManagerTest" time="0.011"/>
  <testcase name="正常系_code指定user削除" classname="com.example.demo.UserManagerTest" time="0.003"/>
  <testcase name="正常系_List登録順序保持" classname="com.example.demo.UserManagerTest" time="0.0"/>
  <testcase name="正常系_userMap登録参照" classname="com.example.demo.UserManagerTest" time="0.0"/>
  <testcase name="異常系_同コードのユーザーが削除されない不具合" classname="com.example.demo.UserManagerTest" time="0.0"/>
  <testcase name="正常系_userList登録参照" classname="com.example.demo.UserManagerTest" time="0.0"/>
  <testcase name="正常系_MapList初期生成" classname="com.example.demo.UserManagerTest" time="0.0"/>
  <testcase name="正常系_Mapキー確認" classname="com.example.demo.UserManagerTest" time="0.0"/>
</testsuite>